<?xml version="1.0" encoding="UTF-8" ?>
<testsuite 
errors="0" failures="2" hostname="agen-pc" name="thu.brainmatrix.suite.SymbolSuite" tests="25" time="0.504" timestamp="2017-01-13T20:48:08">
  <properties>
[...]
</properties>
  <testcase 
  name="LinearRegressionOutput" classname="thu.brainmatrix.suite.SymbolSuite" time="0.028">
</testcase>
  <testcase 
  name="BatchNorm" classname="thu.brainmatrix.suite.SymbolSuite" time="0.042">
</testcase>
  <testcase 
  name="Deconvolution" classname="thu.brainmatrix.suite.SymbolSuite" time="0.037">
</testcase>
  <testcase 
  name="sig gradient" classname="thu.brainmatrix.suite.SymbolSuite" time="0.071">
</testcase>
  <testcase 
  name="mul gradient" classname="thu.brainmatrix.suite.SymbolSuite" time="0.011">
</testcase>
  <testcase 
  name="add gradient" classname="thu.brainmatrix.suite.SymbolSuite" time="0.025">
</testcase>
  <testcase 
  name="dot gradient" classname="thu.brainmatrix.suite.SymbolSuite" time="0.017">
</testcase>
  <testcase 
  name="square" classname="thu.brainmatrix.suite.SymbolSuite" time="0.008">
</testcase>
  <testcase 
  name="Softmax_cross_entropy" classname="thu.brainmatrix.suite.SymbolSuite" time="0.015">
</testcase>
  <testcase 
  name="for-back-network" classname="thu.brainmatrix.suite.SymbolSuite" time="0.045">
    <failure 
    message="InferShape Error in f's weight argument&amp;#010;Corresponding keyword of symbol: weight&amp;#010;Shape inconsistent, Provided =(2,2), inferred shape=(10,2)" type="class thu.brainmatrix.MXNetError">
      thu.brainmatrix.MXNetError: InferShape Error in f's weight argument
Corresponding keyword of symbol: weight
Shape inconsistent, Provided =(2,2), inferred shape=(10,2)
      at thu.brainmatrix.Base$.checkCall(Base.scala:126)
      at thu.brainmatrix.StaticGraph.bind(StaticGraph.scala:345)
      at thu.brainmatrix.Symbol.easy_bind(Symbol.scala:1218)
      at thu.brainmatrix.suite.SymbolSuite$$anonfun$10.apply$mcV$sp(SymbolSuite.scala:408)
      at thu.brainmatrix.suite.SymbolSuite$$anonfun$10.apply(SymbolSuite.scala:395)
      at thu.brainmatrix.suite.SymbolSuite$$anonfun$10.apply(SymbolSuite.scala:395)
      at org.scalatest.Transformer$$anonfun$apply$1.apply$mcV$sp(Transformer.scala:22)
      at org.scalatest.OutcomeOf$class.outcomeOf(OutcomeOf.scala:85)
      at org.scalatest.OutcomeOf$.outcomeOf(OutcomeOf.scala:104)
      at org.scalatest.Transformer.apply(Transformer.scala:22)
      at org.scalatest.Transformer.apply(Transformer.scala:20)
      at org.scalatest.FunSuiteLike$$anon$1.apply(FunSuiteLike.scala:166)
      at org.scalatest.Suite$class.withFixture(Suite.scala:1122)
      at org.scalatest.FunSuite.withFixture(FunSuite.scala:1555)
      at org.scalatest.FunSuiteLike$class.invokeWithFixture$1(FunSuiteLike.scala:163)
      at org.scalatest.FunSuiteLike$$anonfun$runTest$1.apply(FunSuiteLike.scala:175)
      at org.scalatest.FunSuiteLike$$anonfun$runTest$1.apply(FunSuiteLike.scala:175)
      at org.scalatest.SuperEngine.runTestImpl(Engine.scala:306)
      at org.scalatest.FunSuiteLike$class.runTest(FunSuiteLike.scala:175)
      at org.scalatest.FunSuite.runTest(FunSuite.scala:1555)
      at org.scalatest.FunSuiteLike$$anonfun$runTests$1.apply(FunSuiteLike.scala:208)
      at org.scalatest.FunSuiteLike$$anonfun$runTests$1.apply(FunSuiteLike.scala:208)
      at org.scalatest.SuperEngine$$anonfun$traverseSubNodes$1$1.apply(Engine.scala:413)
      at org.scalatest.SuperEngine$$anonfun$traverseSubNodes$1$1.apply(Engine.scala:401)
      at scala.collection.immutable.List.foreach(List.scala:318)
      at org.scalatest.SuperEngine.traverseSubNodes$1(Engine.scala:401)
      at org.scalatest.SuperEngine.org$scalatest$SuperEngine$$runTestsInBranch(Engine.scala:396)
      at org.scalatest.SuperEngine.runTestsImpl(Engine.scala:483)
      at org.scalatest.FunSuiteLike$class.runTests(FunSuiteLike.scala:208)
      at org.scalatest.FunSuite.runTests(FunSuite.scala:1555)
      at org.scalatest.Suite$class.run(Suite.scala:1424)
      at org.scalatest.FunSuite.org$scalatest$FunSuiteLike$$super$run(FunSuite.scala:1555)
      at org.scalatest.FunSuiteLike$$anonfun$run$1.apply(FunSuiteLike.scala:212)
      at org.scalatest.FunSuiteLike$$anonfun$run$1.apply(FunSuiteLike.scala:212)
      at org.scalatest.SuperEngine.runImpl(Engine.scala:545)
      at org.scalatest.FunSuiteLike$class.run(FunSuiteLike.scala:212)
      at thu.brainmatrix.suite.SymbolSuite.org$scalatest$BeforeAndAfterAll$$super$run(SymbolSuite.scala:15)
      at org.scalatest.BeforeAndAfterAll$class.liftedTree1$1(BeforeAndAfterAll.scala:257)
      at org.scalatest.BeforeAndAfterAll$class.run(BeforeAndAfterAll.scala:256)
      at thu.brainmatrix.suite.SymbolSuite.run(SymbolSuite.scala:15)
      at org.scalatest.Suite$class.callExecuteOnSuite$1(Suite.scala:1492)
      at org.scalatest.Suite$$anonfun$runNestedSuites$1.apply(Suite.scala:1528)
      at org.scalatest.Suite$$anonfun$runNestedSuites$1.apply(Suite.scala:1526)
      at scala.collection.IndexedSeqOptimized$class.foreach(IndexedSeqOptimized.scala:33)
      at scala.collection.mutable.ArrayOps$ofRef.foreach(ArrayOps.scala:108)
      at org.scalatest.Suite$class.runNestedSuites(Suite.scala:1526)
      at org.scalatest.tools.DiscoverySuite.runNestedSuites(DiscoverySuite.scala:29)
      at org.scalatest.Suite$class.run(Suite.scala:1421)
      at org.scalatest.tools.DiscoverySuite.run(DiscoverySuite.scala:29)
      at org.scalatest.tools.SuiteRunner.run(SuiteRunner.scala:55)
      at org.scalatest.tools.Runner$$anonfun$doRunRunRunDaDoRunRun$3.apply(Runner.scala:2563)
      at org.scalatest.tools.Runner$$anonfun$doRunRunRunDaDoRunRun$3.apply(Runner.scala:2557)
      at scala.collection.immutable.List.foreach(List.scala:318)
      at org.scalatest.tools.Runner$.doRunRunRunDaDoRunRun(Runner.scala:2557)
      at org.scalatest.tools.Runner$$anonfun$runOptionallyWithPassFailReporter$2.apply(Runner.scala:1044)
      at org.scalatest.tools.Runner$$anonfun$runOptionallyWithPassFailReporter$2.apply(Runner.scala:1043)
      at org.scalatest.tools.Runner$.withClassLoaderAndDispatchReporter(Runner.scala:2722)
      at org.scalatest.tools.Runner$.runOptionallyWithPassFailReporter(Runner.scala:1043)
      at org.scalatest.tools.Runner$.main(Runner.scala:860)
      at org.scalatest.tools.Runner.main(Runner.scala)
</failure>
</testcase>
  <testcase 
  name="Sum" classname="thu.brainmatrix.suite.SymbolSuite" time="0.004">
</testcase>
  <testcase 
  name="symbol assigment" classname="thu.brainmatrix.suite.SymbolSuite" time="0.009">
</testcase>
  <testcase 
  name="broadcast_plus" classname="thu.brainmatrix.suite.SymbolSuite" time="0.006">
</testcase>
  <testcase 
  name="reshape:(4,3)" classname="thu.brainmatrix.suite.SymbolSuite" time="0.004">
    <failure 
    message="InferShape Error in reshape0: [20:48:09] src/operator/./reshape-inl.h:220: Check failed: (neg_idx) &lt; (0) One and only one dim can be inferenced" type="class thu.brainmatrix.MXNetError">
      thu.brainmatrix.MXNetError: InferShape Error in reshape0: [20:48:09] src/operator/./reshape-inl.h:220: Check failed: (neg_idx) &lt; (0) One and only one dim can be inferenced
      at thu.brainmatrix.Base$.checkCall(Base.scala:126)
      at thu.brainmatrix.StaticGraph.bind(StaticGraph.scala:345)
      at thu.brainmatrix.Symbol.easy_bind(Symbol.scala:1218)
      at thu.brainmatrix.suite.SymbolSuite$$anonfun$14.apply$mcV$sp(SymbolSuite.scala:475)
      at thu.brainmatrix.suite.SymbolSuite$$anonfun$14.apply(SymbolSuite.scala:470)
      at thu.brainmatrix.suite.SymbolSuite$$anonfun$14.apply(SymbolSuite.scala:470)
      at org.scalatest.Transformer$$anonfun$apply$1.apply$mcV$sp(Transformer.scala:22)
      at org.scalatest.OutcomeOf$class.outcomeOf(OutcomeOf.scala:85)
      at org.scalatest.OutcomeOf$.outcomeOf(OutcomeOf.scala:104)
      at org.scalatest.Transformer.apply(Transformer.scala:22)
      at org.scalatest.Transformer.apply(Transformer.scala:20)
      at org.scalatest.FunSuiteLike$$anon$1.apply(FunSuiteLike.scala:166)
      at org.scalatest.Suite$class.withFixture(Suite.scala:1122)
      at org.scalatest.FunSuite.withFixture(FunSuite.scala:1555)
      at org.scalatest.FunSuiteLike$class.invokeWithFixture$1(FunSuiteLike.scala:163)
      at org.scalatest.FunSuiteLike$$anonfun$runTest$1.apply(FunSuiteLike.scala:175)
      at org.scalatest.FunSuiteLike$$anonfun$runTest$1.apply(FunSuiteLike.scala:175)
      at org.scalatest.SuperEngine.runTestImpl(Engine.scala:306)
      at org.scalatest.FunSuiteLike$class.runTest(FunSuiteLike.scala:175)
      at org.scalatest.FunSuite.runTest(FunSuite.scala:1555)
      at org.scalatest.FunSuiteLike$$anonfun$runTests$1.apply(FunSuiteLike.scala:208)
      at org.scalatest.FunSuiteLike$$anonfun$runTests$1.apply(FunSuiteLike.scala:208)
      at org.scalatest.SuperEngine$$anonfun$traverseSubNodes$1$1.apply(Engine.scala:413)
      at org.scalatest.SuperEngine$$anonfun$traverseSubNodes$1$1.apply(Engine.scala:401)
      at scala.collection.immutable.List.foreach(List.scala:318)
      at org.scalatest.SuperEngine.traverseSubNodes$1(Engine.scala:401)
      at org.scalatest.SuperEngine.org$scalatest$SuperEngine$$runTestsInBranch(Engine.scala:396)
      at org.scalatest.SuperEngine.runTestsImpl(Engine.scala:483)
      at org.scalatest.FunSuiteLike$class.runTests(FunSuiteLike.scala:208)
      at org.scalatest.FunSuite.runTests(FunSuite.scala:1555)
      at org.scalatest.Suite$class.run(Suite.scala:1424)
      at org.scalatest.FunSuite.org$scalatest$FunSuiteLike$$super$run(FunSuite.scala:1555)
      at org.scalatest.FunSuiteLike$$anonfun$run$1.apply(FunSuiteLike.scala:212)
      at org.scalatest.FunSuiteLike$$anonfun$run$1.apply(FunSuiteLike.scala:212)
      at org.scalatest.SuperEngine.runImpl(Engine.scala:545)
      at org.scalatest.FunSuiteLike$class.run(FunSuiteLike.scala:212)
      at thu.brainmatrix.suite.SymbolSuite.org$scalatest$BeforeAndAfterAll$$super$run(SymbolSuite.scala:15)
      at org.scalatest.BeforeAndAfterAll$class.liftedTree1$1(BeforeAndAfterAll.scala:257)
      at org.scalatest.BeforeAndAfterAll$class.run(BeforeAndAfterAll.scala:256)
      at thu.brainmatrix.suite.SymbolSuite.run(SymbolSuite.scala:15)
      at org.scalatest.Suite$class.callExecuteOnSuite$1(Suite.scala:1492)
      at org.scalatest.Suite$$anonfun$runNestedSuites$1.apply(Suite.scala:1528)
      at org.scalatest.Suite$$anonfun$runNestedSuites$1.apply(Suite.scala:1526)
      at scala.collection.IndexedSeqOptimized$class.foreach(IndexedSeqOptimized.scala:33)
      at scala.collection.mutable.ArrayOps$ofRef.foreach(ArrayOps.scala:108)
      at org.scalatest.Suite$class.runNestedSuites(Suite.scala:1526)
      at org.scalatest.tools.DiscoverySuite.runNestedSuites(DiscoverySuite.scala:29)
      at org.scalatest.Suite$class.run(Suite.scala:1421)
      at org.scalatest.tools.DiscoverySuite.run(DiscoverySuite.scala:29)
      at org.scalatest.tools.SuiteRunner.run(SuiteRunner.scala:55)
      at org.scalatest.tools.Runner$$anonfun$doRunRunRunDaDoRunRun$3.apply(Runner.scala:2563)
      at org.scalatest.tools.Runner$$anonfun$doRunRunRunDaDoRunRun$3.apply(Runner.scala:2557)
      at scala.collection.immutable.List.foreach(List.scala:318)
      at org.scalatest.tools.Runner$.doRunRunRunDaDoRunRun(Runner.scala:2557)
      at org.scalatest.tools.Runner$$anonfun$runOptionallyWithPassFailReporter$2.apply(Runner.scala:1044)
      at org.scalatest.tools.Runner$$anonfun$runOptionallyWithPassFailReporter$2.apply(Runner.scala:1043)
      at org.scalatest.tools.Runner$.withClassLoaderAndDispatchReporter(Runner.scala:2722)
      at org.scalatest.tools.Runner$.runOptionallyWithPassFailReporter(Runner.scala:1043)
      at org.scalatest.tools.Runner$.main(Runner.scala:860)
      at org.scalatest.tools.Runner.main(Runner.scala)
</failure>
</testcase>
  <testcase 
  name="reshape" classname="thu.brainmatrix.suite.SymbolSuite" time="0.005">
</testcase>
  <testcase 
  name="SliceChannel" classname="thu.brainmatrix.suite.SymbolSuite" time="0.007">
</testcase>
  <testcase 
  name="abs" classname="thu.brainmatrix.suite.SymbolSuite" time="0.01">
</testcase>
  <testcase 
  name="Activation" classname="thu.brainmatrix.suite.SymbolSuite" time="0.002">
</testcase>
  <testcase 
  name="concat" classname="thu.brainmatrix.suite.SymbolSuite" time="0.006">
</testcase>
  <testcase 
  name="ElementWiseSum" classname="thu.brainmatrix.suite.SymbolSuite" time="0.006">
</testcase>
  <testcase 
  name="softmax Operation" classname="thu.brainmatrix.suite.SymbolSuite" time="0.117">
</testcase>
  <testcase 
  name="softmax Operation　simple" classname="thu.brainmatrix.suite.SymbolSuite" time="0.006">
</testcase>
  <testcase 
  name="operation:*" classname="thu.brainmatrix.suite.SymbolSuite" time="0.006">
</testcase>
  <testcase 
  name="embeding" classname="thu.brainmatrix.suite.SymbolSuite" time="0.005">
</testcase>
  <testcase 
  name="listAuxTest" classname="thu.brainmatrix.suite.SymbolSuite" time="0.004">
</testcase>
  <system-out><![CDATA[]]></system-out>
  <system-err><![CDATA[]]></system-err>
</testsuite>
