<?xml version="1.0" encoding="UTF-8" ?>
<testsuite 
errors="0" failures="2" hostname="agen-pc" name="thu.brainmatrix.suite.SymbolSuite" tests="25" time="0.504" timestamp="2017-01-13T20:48:08">
  <properties>
    <property name="java.runtime.name" value="OpenJDK Runtime Environment">
    </property>
    <property 
    name="sun.boot.library.path" value="/usr/lib/jvm/java-7-openjdk-amd64/jre/lib/amd64">
</property>
    <property name="java.vm.version" value="24.121-b00"> </property>
    <property name="java.vm.vendor" value="Oracle Corporation"> </property>
    <property name="java.vendor.url" value="http://java.oracle.com/">
    </property>
    <property name="path.separator" value=":"> </property>
    <property name="java.vm.name" value="OpenJDK 64-Bit Server VM"> </property>
    <property name="file.encoding.pkg" value="sun.io"> </property>
    <property name="user.country" value="US"> </property>
    <property name="sun.java.launcher" value="SUN_STANDARD"> </property>
    <property name="sun.os.patch.level" value="unknown"> </property>
    <property 
    name="java.vm.specification.name" value="Java Virtual Machine Specification">
</property>
    <property name="user.dir" value="/home/agen/workspace/scalakernel">
    </property>
    <property name="java.runtime.version" value="1.7.0_121-b00"> </property>
    <property 
    name="java.awt.graphicsenv" value="sun.awt.X11GraphicsEnvironment">
</property>
    <property name="basedir" value="/home/agen/workspace/scalakernel">
    </property>
    <property 
    name="java.endorsed.dirs" value="/usr/lib/jvm/java-7-openjdk-amd64/jre/lib/endorsed">
</property>
    <property name="os.arch" value="amd64"> </property>
    <property name="java.io.tmpdir" value="/tmp"> </property>
    <property name="line.separator" value=" "> </property>
    <property name="java.vm.specification.vendor" value="Oracle Corporation">
    </property>
    <property name="os.name" value="Linux"> </property>
    <property name="sun.jnu.encoding" value="UTF-8"> </property>
    <property 
    name="java.library.path" value=":/home/agen/workspace-c/BrainMatrix/lib:/home/agen/Documents/lib:/home/agen/workspace-c/mxnet/lib:/usr/java/packages/lib/amd64:/usr/lib/x86_64-linux-gnu/jni:/lib/x86_64-linux-gnu:/usr/lib/x86_64-linux-gnu:/usr/lib/jni:/lib:/usr/lib">
</property>
    <property 
    name="java.specification.name" value="Java Platform API Specification">
</property>
    <property name="java.class.version" value="51.0"> </property>
    <property 
    name="sun.management.compiler" value="HotSpot 64-Bit Tiered Compilers">
</property>
    <property name="os.version" value="3.19.0-25-generic"> </property>
    <property name="user.home" value="/home/agen"> </property>
    <property name="user.timezone" value=""> </property>
    <property name="java.awt.printerjob" value="sun.print.PSPrinterJob">
    </property>
    <property name="file.encoding" value="UTF-8"> </property>
    <property name="java.specification.version" value="1.7"> </property>
    <property name="user.name" value="agen"> </property>
    <property 
    name="java.class.path" value="/home/agen/workspace/scalakernel/target/test-classes:/home/agen/workspace/scalakernel/target/classes:/home/agen/.m2/repository/org/scala-lang/scala-library/2.10.6/scala-library-2.10.6.jar:/home/agen/.m2/repository/org/scala-lang/scala-compiler/2.10.6/scala-compiler-2.10.6.jar:/home/agen/.m2/repository/org/scala-lang/scala-reflect/2.10.6/scala-reflect-2.10.6.jar:/home/agen/.m2/repository/org/apache/commons/commons-lang3/3.1/commons-lang3-3.1.jar:/home/agen/.m2/repository/net/java/dev/jna/jna/4.2.1/jna-4.2.1.jar:/home/agen/.m2/repository/org/slf4j/slf4j-api/1.7.5/slf4j-api-1.7.5.jar:/home/agen/.m2/repository/commons-codec/commons-codec/1.10/commons-codec-1.10.jar:/home/agen/.m2/repository/org/scalatest/scalatest_2.10/2.2.6/scalatest_2.10-2.2.6.jar:/home/agen/.m2/repository/args4j/args4j/2.0.29/args4j-2.0.29.jar:/home/agen/.m2/repository/com/sksamuel/scrimage/scrimage-core_2.10/2.1.5/scrimage-core_2.10-2.1.5.jar:/home/agen/.m2/repository/com/twelvemonkeys/imageio/imageio-core/3.2.1/imageio-core-3.2.1.jar:/home/agen/.m2/repository/com/twelvemonkeys/imageio/imageio-jpeg/3.2.1/imageio-jpeg-3.2.1.jar:/home/agen/.m2/repository/com/twelvemonkeys/imageio/imageio-metadata/3.2.1/imageio-metadata-3.2.1.jar:/home/agen/.m2/repository/com/twelvemonkeys/common/common-lang/3.2.1/common-lang-3.2.1.jar:/home/agen/.m2/repository/com/twelvemonkeys/common/common-io/3.2.1/common-io-3.2.1.jar:/home/agen/.m2/repository/com/twelvemonkeys/common/common-image/3.2.1/common-image-3.2.1.jar:/home/agen/.m2/repository/com/drewnoakes/metadata-extractor/2.8.1/metadata-extractor-2.8.1.jar:/home/agen/.m2/repository/com/adobe/xmp/xmpcore/5.1.2/xmpcore-5.1.2.jar:/home/agen/.m2/repository/commons-io/commons-io/2.4/commons-io-2.4.jar:/home/agen/.m2/repository/ar/com/hjg/pngj/2.1.0/pngj-2.1.0.jar:/home/agen/.m2/repository/com/sksamuel/scrimage/scrimage-io-extra_2.10/2.1.5/scrimage-io-extra_2.10-2.1.5.jar:/home/agen/.m2/repository/com/twelvemonkeys/imageio/imageio-bmp/3.2.1/imageio-bmp-3.2.1.jar:/home/agen/.m2/repository/com/twelvemonkeys/imageio/imageio-icns/3.2.1/imageio-icns-3.2.1.jar:/home/agen/.m2/repository/com/twelvemonkeys/imageio/imageio-iff/3.2.1/imageio-iff-3.2.1.jar:/home/agen/.m2/repository/com/twelvemonkeys/imageio/imageio-pcx/3.2.1/imageio-pcx-3.2.1.jar:/home/agen/.m2/repository/com/twelvemonkeys/imageio/imageio-pict/3.2.1/imageio-pict-3.2.1.jar:/home/agen/.m2/repository/com/twelvemonkeys/imageio/imageio-pdf/3.2.1/imageio-pdf-3.2.1.jar:/home/agen/.m2/repository/com/twelvemonkeys/imageio/imageio-pnm/3.2.1/imageio-pnm-3.2.1.jar:/home/agen/.m2/repository/com/twelvemonkeys/imageio/imageio-psd/3.2.1/imageio-psd-3.2.1.jar:/home/agen/.m2/repository/com/twelvemonkeys/imageio/imageio-sgi/3.2.1/imageio-sgi-3.2.1.jar:/home/agen/.m2/repository/com/twelvemonkeys/imageio/imageio-tiff/3.2.1/imageio-tiff-3.2.1.jar:/home/agen/.m2/repository/com/twelvemonkeys/imageio/imageio-tga/3.2.1/imageio-tga-3.2.1.jar:/home/agen/.m2/repository/com/twelvemonkeys/imageio/imageio-thumbsdb/3.2.1/imageio-thumbsdb-3.2.1.jar:/home/agen/.m2/repository/com/sksamuel/scrimage/scrimage-filters_2.10/2.1.5/scrimage-filters_2.10-2.1.5.jar:/home/agen/.m2/repository/org/scalanlp/breeze-macros_2.10/0.12/breeze-macros_2.10-0.12.jar:/home/agen/.m2/repository/org/scalamacros/quasiquotes_2.10/2.0.0-M8/quasiquotes_2.10-2.0.0-M8.jar:/home/agen/.m2/repository/org/scalanlp/breeze-viz_2.10/0.12/breeze-viz_2.10-0.12.jar:/home/agen/.m2/repository/org/scalanlp/breeze_2.10/0.12/breeze_2.10-0.12.jar:/home/agen/.m2/repository/com/github/fommil/netlib/core/1.1.2/core-1.1.2.jar:/home/agen/.m2/repository/net/sourceforge/f2j/arpack_combined_all/0.1/arpack_combined_all-0.1.jar:/home/agen/.m2/repository/net/sf/opencsv/opencsv/2.3/opencsv-2.3.jar:/home/agen/.m2/repository/com/github/rwl/jtransforms/2.4.0/jtransforms-2.4.0.jar:/home/agen/.m2/repository/junit/junit/4.8.2/junit-4.8.2.jar:/home/agen/.m2/repository/org/apache/commons/commons-math3/3.2/commons-math3-3.2.jar:/home/agen/.m2/repository/org/spire-math/spire_2.10/0.7.4/spire_2.10-0.7.4.jar:/home/agen/.m2/repository/org/spire-math/spire-macros_2.10/0.7.4/spire-macros_2.10-0.7.4.jar:/home/agen/.m2/repository/com/chuusai/shapeless_2.10.4/2.0.0/shapeless_2.10.4-2.0.0.jar:/home/agen/.m2/repository/jfree/jcommon/1.0.16/jcommon-1.0.16.jar:/home/agen/.m2/repository/jfree/jfreechart/1.0.13/jfreechart-1.0.13.jar:/home/agen/.m2/repository/org/apache/xmlgraphics/xmlgraphics-commons/1.3.1/xmlgraphics-commons-1.3.1.jar:/home/agen/.m2/repository/commons-logging/commons-logging/1.0.4/commons-logging-1.0.4.jar:/home/agen/.m2/repository/com/lowagie/itext/2.1.5/itext-2.1.5.jar:/home/agen/.m2/repository/bouncycastle/bcmail-jdk14/138/bcmail-jdk14-138.jar:/home/agen/.m2/repository/bouncycastle/bcprov-jdk14/138/bcprov-jdk14-138.jar">
</property>
    <property name="java.vm.specification.version" value="1.7"> </property>
    <property name="sun.arch.data.model" value="64"> </property>
    <property name="java.home" value="/usr/lib/jvm/java-7-openjdk-amd64/jre">
    </property>
    <property 
    name="sun.java.command" value="org.scalatest.tools.Runner -R /home/agen/workspace/scalakernel/target/classes /home/agen/workspace/scalakernel/target/test-classes -o -fWDF /home/agen/workspace/scalakernel/target/surefire-reports/TestSuite.txt -u /home/agen/workspace/scalakernel/target/surefire-reports/.">
</property>
    <property name="java.specification.vendor" value="Oracle Corporation">
    </property>
    <property name="user.language" value="en"> </property>
    <property name="awt.toolkit" value="sun.awt.X11.XToolkit"> </property>
    <property name="java.vm.info" value="mixed mode"> </property>
    <property name="java.version" value="1.7.0_121"> </property>
    <property 
    name="java.ext.dirs" value="/usr/lib/jvm/java-7-openjdk-amd64/jre/lib/ext:/usr/java/packages/lib/ext">
</property>
    <property 
    name="sun.boot.class.path" value="/usr/lib/jvm/java-7-openjdk-amd64/jre/lib/resources.jar:/usr/lib/jvm/java-7-openjdk-amd64/jre/lib/rt.jar:/usr/lib/jvm/java-7-openjdk-amd64/jre/lib/sunrsasign.jar:/usr/lib/jvm/java-7-openjdk-amd64/jre/lib/jsse.jar:/usr/lib/jvm/java-7-openjdk-amd64/jre/lib/jce.jar:/usr/lib/jvm/java-7-openjdk-amd64/jre/lib/charsets.jar:/usr/lib/jvm/java-7-openjdk-amd64/jre/lib/rhino.jar:/usr/lib/jvm/java-7-openjdk-amd64/jre/lib/jfr.jar:/usr/lib/jvm/java-7-openjdk-amd64/jre/classes">
</property>
    <property name="java.vendor" value="Oracle Corporation"> </property>
    <property name="file.separator" value="/"> </property>
    <property 
    name="java.vendor.url.bug" value="http://bugreport.sun.com/bugreport/">
</property>
    <property name="sun.cpu.endian" value="little"> </property>
    <property name="sun.io.unicode.encoding" value="UnicodeLittle"> </property>
    <property name="sun.desktop" value="gnome"> </property>
    <property name="sun.cpu.isalist" value=""> </property>
  </properties>
  <testcase 
  name="LinearRegressionOutput" classname="thu.brainmatrix.suite.SymbolSuite" time="0.028">
</testcase>
  <testcase 
  name="BatchNorm" classname="thu.brainmatrix.suite.SymbolSuite" time="0.042">
</testcase>
  <testcase 
  name="Deconvolution" classname="thu.brainmatrix.suite.SymbolSuite" time="0.037">
</testcase>
  <testcase 
  name="sig gradient" classname="thu.brainmatrix.suite.SymbolSuite" time="0.071">
</testcase>
  <testcase 
  name="mul gradient" classname="thu.brainmatrix.suite.SymbolSuite" time="0.011">
</testcase>
  <testcase 
  name="add gradient" classname="thu.brainmatrix.suite.SymbolSuite" time="0.025">
</testcase>
  <testcase 
  name="dot gradient" classname="thu.brainmatrix.suite.SymbolSuite" time="0.017">
</testcase>
  <testcase 
  name="square" classname="thu.brainmatrix.suite.SymbolSuite" time="0.008">
</testcase>
  <testcase 
  name="Softmax_cross_entropy" classname="thu.brainmatrix.suite.SymbolSuite" time="0.015">
</testcase>
  <testcase 
  name="for-back-network" classname="thu.brainmatrix.suite.SymbolSuite" time="0.045">
    <failure 
    message="InferShape Error in f's weight argument&amp;#010;Corresponding keyword of symbol: weight&amp;#010;Shape inconsistent, Provided =(2,2), inferred shape=(10,2)" type="class thu.brainmatrix.MXNetError">
      thu.brainmatrix.MXNetError: InferShape Error in f's weight argument
Corresponding keyword of symbol: weight
Shape inconsistent, Provided =(2,2), inferred shape=(10,2)
      at thu.brainmatrix.Base$.checkCall(Base.scala:126)
      at thu.brainmatrix.StaticGraph.bind(StaticGraph.scala:345)
      at thu.brainmatrix.Symbol.easy_bind(Symbol.scala:1218)
      at thu.brainmatrix.suite.SymbolSuite$$anonfun$10.apply$mcV$sp(SymbolSuite.scala:408)
      at thu.brainmatrix.suite.SymbolSuite$$anonfun$10.apply(SymbolSuite.scala:395)
      at thu.brainmatrix.suite.SymbolSuite$$anonfun$10.apply(SymbolSuite.scala:395)
      at org.scalatest.Transformer$$anonfun$apply$1.apply$mcV$sp(Transformer.scala:22)
      at org.scalatest.OutcomeOf$class.outcomeOf(OutcomeOf.scala:85)
      at org.scalatest.OutcomeOf$.outcomeOf(OutcomeOf.scala:104)
      at org.scalatest.Transformer.apply(Transformer.scala:22)
      at org.scalatest.Transformer.apply(Transformer.scala:20)
      at org.scalatest.FunSuiteLike$$anon$1.apply(FunSuiteLike.scala:166)
      at org.scalatest.Suite$class.withFixture(Suite.scala:1122)
      at org.scalatest.FunSuite.withFixture(FunSuite.scala:1555)
      at org.scalatest.FunSuiteLike$class.invokeWithFixture$1(FunSuiteLike.scala:163)
      at org.scalatest.FunSuiteLike$$anonfun$runTest$1.apply(FunSuiteLike.scala:175)
      at org.scalatest.FunSuiteLike$$anonfun$runTest$1.apply(FunSuiteLike.scala:175)
      at org.scalatest.SuperEngine.runTestImpl(Engine.scala:306)
      at org.scalatest.FunSuiteLike$class.runTest(FunSuiteLike.scala:175)
      at org.scalatest.FunSuite.runTest(FunSuite.scala:1555)
      at org.scalatest.FunSuiteLike$$anonfun$runTests$1.apply(FunSuiteLike.scala:208)
      at org.scalatest.FunSuiteLike$$anonfun$runTests$1.apply(FunSuiteLike.scala:208)
      at org.scalatest.SuperEngine$$anonfun$traverseSubNodes$1$1.apply(Engine.scala:413)
      at org.scalatest.SuperEngine$$anonfun$traverseSubNodes$1$1.apply(Engine.scala:401)
      at scala.collection.immutable.List.foreach(List.scala:318)
      at org.scalatest.SuperEngine.traverseSubNodes$1(Engine.scala:401)
      at org.scalatest.SuperEngine.org$scalatest$SuperEngine$$runTestsInBranch(Engine.scala:396)
      at org.scalatest.SuperEngine.runTestsImpl(Engine.scala:483)
      at org.scalatest.FunSuiteLike$class.runTests(FunSuiteLike.scala:208)
      at org.scalatest.FunSuite.runTests(FunSuite.scala:1555)
      at org.scalatest.Suite$class.run(Suite.scala:1424)
      at org.scalatest.FunSuite.org$scalatest$FunSuiteLike$$super$run(FunSuite.scala:1555)
      at org.scalatest.FunSuiteLike$$anonfun$run$1.apply(FunSuiteLike.scala:212)
      at org.scalatest.FunSuiteLike$$anonfun$run$1.apply(FunSuiteLike.scala:212)
      at org.scalatest.SuperEngine.runImpl(Engine.scala:545)
      at org.scalatest.FunSuiteLike$class.run(FunSuiteLike.scala:212)
      at thu.brainmatrix.suite.SymbolSuite.org$scalatest$BeforeAndAfterAll$$super$run(SymbolSuite.scala:15)
      at org.scalatest.BeforeAndAfterAll$class.liftedTree1$1(BeforeAndAfterAll.scala:257)
      at org.scalatest.BeforeAndAfterAll$class.run(BeforeAndAfterAll.scala:256)
      at thu.brainmatrix.suite.SymbolSuite.run(SymbolSuite.scala:15)
      at org.scalatest.Suite$class.callExecuteOnSuite$1(Suite.scala:1492)
      at org.scalatest.Suite$$anonfun$runNestedSuites$1.apply(Suite.scala:1528)
      at org.scalatest.Suite$$anonfun$runNestedSuites$1.apply(Suite.scala:1526)
      at scala.collection.IndexedSeqOptimized$class.foreach(IndexedSeqOptimized.scala:33)
      at scala.collection.mutable.ArrayOps$ofRef.foreach(ArrayOps.scala:108)
      at org.scalatest.Suite$class.runNestedSuites(Suite.scala:1526)
      at org.scalatest.tools.DiscoverySuite.runNestedSuites(DiscoverySuite.scala:29)
      at org.scalatest.Suite$class.run(Suite.scala:1421)
      at org.scalatest.tools.DiscoverySuite.run(DiscoverySuite.scala:29)
      at org.scalatest.tools.SuiteRunner.run(SuiteRunner.scala:55)
      at org.scalatest.tools.Runner$$anonfun$doRunRunRunDaDoRunRun$3.apply(Runner.scala:2563)
      at org.scalatest.tools.Runner$$anonfun$doRunRunRunDaDoRunRun$3.apply(Runner.scala:2557)
      at scala.collection.immutable.List.foreach(List.scala:318)
      at org.scalatest.tools.Runner$.doRunRunRunDaDoRunRun(Runner.scala:2557)
      at org.scalatest.tools.Runner$$anonfun$runOptionallyWithPassFailReporter$2.apply(Runner.scala:1044)
      at org.scalatest.tools.Runner$$anonfun$runOptionallyWithPassFailReporter$2.apply(Runner.scala:1043)
      at org.scalatest.tools.Runner$.withClassLoaderAndDispatchReporter(Runner.scala:2722)
      at org.scalatest.tools.Runner$.runOptionallyWithPassFailReporter(Runner.scala:1043)
      at org.scalatest.tools.Runner$.main(Runner.scala:860)
      at org.scalatest.tools.Runner.main(Runner.scala)
</failure>
</testcase>
  <testcase 
  name="Sum" classname="thu.brainmatrix.suite.SymbolSuite" time="0.004">
</testcase>
  <testcase 
  name="symbol assigment" classname="thu.brainmatrix.suite.SymbolSuite" time="0.009">
</testcase>
  <testcase 
  name="broadcast_plus" classname="thu.brainmatrix.suite.SymbolSuite" time="0.006">
</testcase>
  <testcase 
  name="reshape:(4,3)" classname="thu.brainmatrix.suite.SymbolSuite" time="0.004">
    <failure 
    message="InferShape Error in reshape0: [20:48:09] src/operator/./reshape-inl.h:220: Check failed: (neg_idx) &lt; (0) One and only one dim can be inferenced" type="class thu.brainmatrix.MXNetError">
      thu.brainmatrix.MXNetError: InferShape Error in reshape0: [20:48:09] src/operator/./reshape-inl.h:220: Check failed: (neg_idx) &lt; (0) One and only one dim can be inferenced
      at thu.brainmatrix.Base$.checkCall(Base.scala:126)
      at thu.brainmatrix.StaticGraph.bind(StaticGraph.scala:345)
      at thu.brainmatrix.Symbol.easy_bind(Symbol.scala:1218)
      at thu.brainmatrix.suite.SymbolSuite$$anonfun$14.apply$mcV$sp(SymbolSuite.scala:475)
      at thu.brainmatrix.suite.SymbolSuite$$anonfun$14.apply(SymbolSuite.scala:470)
      at thu.brainmatrix.suite.SymbolSuite$$anonfun$14.apply(SymbolSuite.scala:470)
      at org.scalatest.Transformer$$anonfun$apply$1.apply$mcV$sp(Transformer.scala:22)
      at org.scalatest.OutcomeOf$class.outcomeOf(OutcomeOf.scala:85)
      at org.scalatest.OutcomeOf$.outcomeOf(OutcomeOf.scala:104)
      at org.scalatest.Transformer.apply(Transformer.scala:22)
      at org.scalatest.Transformer.apply(Transformer.scala:20)
      at org.scalatest.FunSuiteLike$$anon$1.apply(FunSuiteLike.scala:166)
      at org.scalatest.Suite$class.withFixture(Suite.scala:1122)
      at org.scalatest.FunSuite.withFixture(FunSuite.scala:1555)
      at org.scalatest.FunSuiteLike$class.invokeWithFixture$1(FunSuiteLike.scala:163)
      at org.scalatest.FunSuiteLike$$anonfun$runTest$1.apply(FunSuiteLike.scala:175)
      at org.scalatest.FunSuiteLike$$anonfun$runTest$1.apply(FunSuiteLike.scala:175)
      at org.scalatest.SuperEngine.runTestImpl(Engine.scala:306)
      at org.scalatest.FunSuiteLike$class.runTest(FunSuiteLike.scala:175)
      at org.scalatest.FunSuite.runTest(FunSuite.scala:1555)
      at org.scalatest.FunSuiteLike$$anonfun$runTests$1.apply(FunSuiteLike.scala:208)
      at org.scalatest.FunSuiteLike$$anonfun$runTests$1.apply(FunSuiteLike.scala:208)
      at org.scalatest.SuperEngine$$anonfun$traverseSubNodes$1$1.apply(Engine.scala:413)
      at org.scalatest.SuperEngine$$anonfun$traverseSubNodes$1$1.apply(Engine.scala:401)
      at scala.collection.immutable.List.foreach(List.scala:318)
      at org.scalatest.SuperEngine.traverseSubNodes$1(Engine.scala:401)
      at org.scalatest.SuperEngine.org$scalatest$SuperEngine$$runTestsInBranch(Engine.scala:396)
      at org.scalatest.SuperEngine.runTestsImpl(Engine.scala:483)
      at org.scalatest.FunSuiteLike$class.runTests(FunSuiteLike.scala:208)
      at org.scalatest.FunSuite.runTests(FunSuite.scala:1555)
      at org.scalatest.Suite$class.run(Suite.scala:1424)
      at org.scalatest.FunSuite.org$scalatest$FunSuiteLike$$super$run(FunSuite.scala:1555)
      at org.scalatest.FunSuiteLike$$anonfun$run$1.apply(FunSuiteLike.scala:212)
      at org.scalatest.FunSuiteLike$$anonfun$run$1.apply(FunSuiteLike.scala:212)
      at org.scalatest.SuperEngine.runImpl(Engine.scala:545)
      at org.scalatest.FunSuiteLike$class.run(FunSuiteLike.scala:212)
      at thu.brainmatrix.suite.SymbolSuite.org$scalatest$BeforeAndAfterAll$$super$run(SymbolSuite.scala:15)
      at org.scalatest.BeforeAndAfterAll$class.liftedTree1$1(BeforeAndAfterAll.scala:257)
      at org.scalatest.BeforeAndAfterAll$class.run(BeforeAndAfterAll.scala:256)
      at thu.brainmatrix.suite.SymbolSuite.run(SymbolSuite.scala:15)
      at org.scalatest.Suite$class.callExecuteOnSuite$1(Suite.scala:1492)
      at org.scalatest.Suite$$anonfun$runNestedSuites$1.apply(Suite.scala:1528)
      at org.scalatest.Suite$$anonfun$runNestedSuites$1.apply(Suite.scala:1526)
      at scala.collection.IndexedSeqOptimized$class.foreach(IndexedSeqOptimized.scala:33)
      at scala.collection.mutable.ArrayOps$ofRef.foreach(ArrayOps.scala:108)
      at org.scalatest.Suite$class.runNestedSuites(Suite.scala:1526)
      at org.scalatest.tools.DiscoverySuite.runNestedSuites(DiscoverySuite.scala:29)
      at org.scalatest.Suite$class.run(Suite.scala:1421)
      at org.scalatest.tools.DiscoverySuite.run(DiscoverySuite.scala:29)
      at org.scalatest.tools.SuiteRunner.run(SuiteRunner.scala:55)
      at org.scalatest.tools.Runner$$anonfun$doRunRunRunDaDoRunRun$3.apply(Runner.scala:2563)
      at org.scalatest.tools.Runner$$anonfun$doRunRunRunDaDoRunRun$3.apply(Runner.scala:2557)
      at scala.collection.immutable.List.foreach(List.scala:318)
      at org.scalatest.tools.Runner$.doRunRunRunDaDoRunRun(Runner.scala:2557)
      at org.scalatest.tools.Runner$$anonfun$runOptionallyWithPassFailReporter$2.apply(Runner.scala:1044)
      at org.scalatest.tools.Runner$$anonfun$runOptionallyWithPassFailReporter$2.apply(Runner.scala:1043)
      at org.scalatest.tools.Runner$.withClassLoaderAndDispatchReporter(Runner.scala:2722)
      at org.scalatest.tools.Runner$.runOptionallyWithPassFailReporter(Runner.scala:1043)
      at org.scalatest.tools.Runner$.main(Runner.scala:860)
      at org.scalatest.tools.Runner.main(Runner.scala)
</failure>
</testcase>
  <testcase 
  name="reshape" classname="thu.brainmatrix.suite.SymbolSuite" time="0.005">
</testcase>
  <testcase 
  name="SliceChannel" classname="thu.brainmatrix.suite.SymbolSuite" time="0.007">
</testcase>
  <testcase 
  name="abs" classname="thu.brainmatrix.suite.SymbolSuite" time="0.01">
</testcase>
  <testcase 
  name="Activation" classname="thu.brainmatrix.suite.SymbolSuite" time="0.002">
</testcase>
  <testcase 
  name="concat" classname="thu.brainmatrix.suite.SymbolSuite" time="0.006">
</testcase>
  <testcase 
  name="ElementWiseSum" classname="thu.brainmatrix.suite.SymbolSuite" time="0.006">
</testcase>
  <testcase 
  name="softmax Operation" classname="thu.brainmatrix.suite.SymbolSuite" time="0.117">
</testcase>
  <testcase 
  name="softmax Operationã€€simple" classname="thu.brainmatrix.suite.SymbolSuite" time="0.006">
</testcase>
  <testcase 
  name="operation:*" classname="thu.brainmatrix.suite.SymbolSuite" time="0.006">
</testcase>
  <testcase 
  name="embeding" classname="thu.brainmatrix.suite.SymbolSuite" time="0.005">
</testcase>
  <testcase 
  name="listAuxTest" classname="thu.brainmatrix.suite.SymbolSuite" time="0.004">
</testcase>
  <system-out><![CDATA[]]></system-out>
  <system-err><![CDATA[]]></system-err>
</testsuite>
